<?xml version="1.0" encoding="UTF-8"?>
<!-- Generated by org.testng.reporters.JUnitReportReporter -->
<testsuite hostname="LAPTOP-FU9KSE92" failures="0" tests="1" name="testng.simple" time="0.159" errors="0" timestamp="2021-08-16T08:42:17 IST" skipped="0">
  <testcase classname="testng.simple" name="demo" time="0.159"/>
  <system-out>
    <![CDATA[Hello Java]]>
  </system-out>
</testsuite> <!-- testng.simple -->
