<?xml version="1.0" encoding="UTF-8"?>
<!-- Generated by org.testng.reporters.JUnitReportReporter -->
<testsuite hostname="LAPTOP-FU9KSE92" failures="0" tests="3" name="testng.priority" time="0.068" errors="0" timestamp="2021-11-28T17:31:51 IST" skipped="0">
  <testcase classname="testng.priority" name="calls" time="0.065"/>
  <system-out>
    <![CDATA[calls,true]]>
  </system-out>
  <testcase classname="testng.priority" name="status" time="0.001"/>
  <system-out>
    <![CDATA[status,true]]>
  </system-out>
  <testcase classname="testng.priority" name="chats" time="0.002"/>
  <system-out>
    <![CDATA[chats,true]]>
  </system-out>
</testsuite> <!-- testng.priority -->
