<?xml version="1.0" encoding="UTF-8"?>
<!-- Generated by org.testng.reporters.JUnitReportReporter -->
<testsuite hostname="LAPTOP-FU9KSE92" failures="0" tests="5" name="testng.skip" time="0.022" errors="0" timestamp="2021-08-16T09:07:51 IST" skipped="1">
  <testcase classname="testng.skip" name="chats" time="0.002"/>
  <system-out>
    <![CDATA[chats,true]]>
  </system-out>
  <testcase classname="testng.skip" name="chats" time="0.017"/>
  <system-out>
    <![CDATA[chats,true]]>
  </system-out>
  <testcase classname="testng.skip" name="chats" time="0.001"/>
  <system-out>
    <![CDATA[chats,true]]>
  </system-out>
  <testcase classname="testng.skip" name="status" time="0.002"/>
  <system-out>
    <![CDATA[status,true]]>
  </system-out>
  <testcase classname="testng.skip" name="calls">
    <skipped/>
  </testcase> <!-- calls -->
  <system-out/>
</testsuite> <!-- testng.skip -->
