<?xml version="1.0" encoding="UTF-8"?>
<!-- Generated by org.testng.reporters.JUnitReportReporter -->
<testsuite hostname="LAPTOP-FU9KSE92" failures="0" tests="5" name="testng.invocation" time="0.020" errors="0" timestamp="2021-11-28T17:33:54 IST" skipped="0">
  <testcase classname="testng.invocation" name="calls" time="0.010"/>
  <system-out>
    <![CDATA[calls,true]]>
  </system-out>
  <testcase classname="testng.invocation" name="chats" time="0.002"/>
  <system-out>
    <![CDATA[chats,true]]>
  </system-out>
  <testcase classname="testng.invocation" name="chats" time="0.002"/>
  <system-out>
    <![CDATA[chats,true]]>
  </system-out>
  <testcase classname="testng.invocation" name="chats" time="0.003"/>
  <system-out>
    <![CDATA[chats,true]]>
  </system-out>
  <testcase classname="testng.invocation" name="status" time="0.003"/>
  <system-out>
    <![CDATA[status,true]]>
  </system-out>
</testsuite> <!-- testng.invocation -->
